<?xml version="1.0" encoding="UTF-8"?>
<!-- Generated by org.testng.reporters.JUnitReportReporter -->
<testsuite skipped="0" hostname="SAVENKAT-LT" name="ApiTest.AddDPApi3" tests="1" failures="0" timestamp="13 Jun 2020 06:45:47 GMT" time="0.978" errors="0">
  <testcase name="addBook" time="0.978" classname="ApiTest.AddDPApi3"/>
</testsuite> <!-- ApiTest.AddDPApi3 -->
