<?xml version="1.0" encoding="UTF-8"?>
<!-- Generated by org.testng.reporters.JUnitReportReporter -->
<testsuite skipped="0" hostname="SAVENKAT-LT" name="ApiTest.AddDPApi2" tests="1" failures="0" timestamp="13 Jun 2020 06:04:21 GMT" time="2.081" errors="0">
  <testcase name="addBook" time="2.081" classname="ApiTest.AddDPApi2"/>
</testsuite> <!-- ApiTest.AddDPApi2 -->
