<?xml version="1.0" encoding="UTF-8"?>
<!-- Generated by org.testng.reporters.JUnitReportReporter -->
<testsuite skipped="0" hostname="SAVENKAT-LT" name="ApiTest.AddDeleteApi" tests="3" failures="0" timestamp="12 Jun 2020 17:52:35 GMT" time="2.507" errors="0">
  <testcase name="addBook" time="2.110" classname="ApiTest.AddDeleteApi"/>
  <testcase name="addBook" time="0.162" classname="ApiTest.AddDeleteApi"/>
  <testcase name="addBook" time="0.235" classname="ApiTest.AddDeleteApi"/>
</testsuite> <!-- ApiTest.AddDeleteApi -->
